<?xml version="1.0" encoding="UTF-8"?>
<testng-results skipped="0" failed="2" ignored="0" total="5" passed="3">
  <reporter-output>
  </reporter-output>
  <suite name="Suite" duration-ms="60966" started-at="2020-04-27T16:56:40Z" finished-at="2020-04-27T16:57:41Z">
    <groups>
    </groups>
    <test name="LoginTest" duration-ms="23128" started-at="2020-04-27T16:56:40Z" finished-at="2020-04-27T16:57:03Z">
      <class name="Test.LoginPage">
        <test-method status="PASS" signature="bfrtst()[pri:0, instance:Test.LoginPage@31a5c39e]" name="bfrtst" is-config="true" duration-ms="1" started-at="2020-04-27T22:26:40Z" finished-at="2020-04-27T22:26:40Z">
          <reporter-output>
          </reporter-output>
        </test-method> <!-- bfrtst -->
        <test-method status="PASS" signature="initialize()[pri:0, instance:Test.LoginPage@31a5c39e]" name="initialize" is-config="true" duration-ms="10062" started-at="2020-04-27T22:26:40Z" finished-at="2020-04-27T22:26:50Z">
          <reporter-output>
          </reporter-output>
        </test-method> <!-- initialize -->
        <test-method status="PASS" signature="bfrcls()[pri:0, instance:Test.LoginPage@31a5c39e]" name="bfrcls" is-config="true" duration-ms="1" started-at="2020-04-27T22:26:50Z" finished-at="2020-04-27T22:26:50Z">
          <reporter-output>
          </reporter-output>
        </test-method> <!-- bfrcls -->
        <test-method status="PASS" signature="loginTest(java.lang.Integer)[pri:0, instance:Test.LoginPage@31a5c39e]" name="loginTest" duration-ms="3846" started-at="2020-04-27T22:26:50Z" data-provider="data" finished-at="2020-04-27T22:26:54Z">
          <params>
            <param index="0">
              <value>
                <![CDATA[1112223336]]>
              </value>
            </param>
          </params>
          <reporter-output>
          </reporter-output>
        </test-method> <!-- loginTest -->
        <test-method status="PASS" signature="bfrmtd()[pri:0, instance:Test.LoginPage@31a5c39e]" name="bfrmtd" is-config="true" duration-ms="0" started-at="2020-04-27T22:26:50Z" finished-at="2020-04-27T22:26:50Z">
          <reporter-output>
          </reporter-output>
        </test-method> <!-- bfrmtd -->
        <test-method status="PASS" signature="bfrmtd()[pri:0, instance:Test.LoginPage@31a5c39e]" name="bfrmtd" is-config="true" duration-ms="1" started-at="2020-04-27T22:26:54Z" finished-at="2020-04-27T22:26:54Z">
          <reporter-output>
          </reporter-output>
        </test-method> <!-- bfrmtd -->
        <test-method status="PASS" signature="loginTest(java.lang.Integer)[pri:0, instance:Test.LoginPage@31a5c39e]" name="loginTest" duration-ms="2460" started-at="2020-04-27T22:26:54Z" data-provider="data" finished-at="2020-04-27T22:26:56Z">
          <params>
            <param index="0">
              <value>
                <![CDATA[1112224333]]>
              </value>
            </param>
          </params>
          <reporter-output>
          </reporter-output>
        </test-method> <!-- loginTest -->
        <test-method status="PASS" signature="loginTest(java.lang.Integer)[pri:0, instance:Test.LoginPage@31a5c39e]" name="loginTest" duration-ms="2599" started-at="2020-04-27T22:26:56Z" data-provider="data" finished-at="2020-04-27T22:26:59Z">
          <params>
            <param index="0">
              <value>
                <![CDATA[1112221433]]>
              </value>
            </param>
          </params>
          <reporter-output>
          </reporter-output>
        </test-method> <!-- loginTest -->
        <test-method status="PASS" signature="bfrmtd()[pri:0, instance:Test.LoginPage@31a5c39e]" name="bfrmtd" is-config="true" duration-ms="0" started-at="2020-04-27T22:26:56Z" finished-at="2020-04-27T22:26:56Z">
          <reporter-output>
          </reporter-output>
        </test-method> <!-- bfrmtd -->
        <test-method status="PASS" signature="tearDown()[pri:0, instance:Test.LoginPage@31a5c39e]" name="tearDown" is-config="true" duration-ms="4121" started-at="2020-04-27T22:26:59Z" finished-at="2020-04-27T22:27:03Z">
          <reporter-output>
          </reporter-output>
        </test-method> <!-- tearDown -->
      </class> <!-- Test.LoginPage -->
    </test> <!-- LoginTest -->
    <test name="HomePageTest" duration-ms="21538" started-at="2020-04-27T16:57:03Z" finished-at="2020-04-27T16:57:25Z">
      <class name="Test.HomePage">
        <test-method status="PASS" signature="bfrtst()[pri:0, instance:Test.HomePage@192b07fd]" name="bfrtst" is-config="true" duration-ms="1" started-at="2020-04-27T22:27:03Z" finished-at="2020-04-27T22:27:03Z">
          <reporter-output>
          </reporter-output>
        </test-method> <!-- bfrtst -->
        <test-method status="PASS" signature="initialize()[pri:0, instance:Test.HomePage@192b07fd]" name="initialize" is-config="true" duration-ms="7967" started-at="2020-04-27T22:27:03Z" finished-at="2020-04-27T22:27:11Z">
          <reporter-output>
          </reporter-output>
        </test-method> <!-- initialize -->
        <test-method status="PASS" signature="bfrcls()[pri:0, instance:Test.HomePage@192b07fd]" name="bfrcls" is-config="true" duration-ms="0" started-at="2020-04-27T22:27:11Z" finished-at="2020-04-27T22:27:11Z">
          <reporter-output>
          </reporter-output>
        </test-method> <!-- bfrcls -->
        <test-method status="FAIL" signature="radioBtnTest()[pri:0, instance:Test.HomePage@192b07fd]" name="radioBtnTest" duration-ms="1925" started-at="2020-04-27T22:27:11Z" finished-at="2020-04-27T22:27:13Z">
          <exception class="java.lang.AssertionError">
            <message>
              <![CDATA[expected [ROUND TRIP11] but found [ROUND TRIP]]]>
            </message>
            <full-stacktrace>
              <![CDATA[java.lang.AssertionError: expected [ROUND TRIP11] but found [ROUND TRIP]
	at org.testng.Assert.fail(Assert.java:94)
	at org.testng.Assert.failNotEquals(Assert.java:513)
	at org.testng.Assert.assertEqualsImpl(Assert.java:135)
	at org.testng.Assert.assertEquals(Assert.java:116)
	at org.testng.Assert.assertEquals(Assert.java:190)
	at org.testng.Assert.assertEquals(Assert.java:200)
	at Test.HomePage.radioBtnTest(HomePage.java:52)
	at sun.reflect.NativeMethodAccessorImpl.invoke0(Native Method)
	at sun.reflect.NativeMethodAccessorImpl.invoke(NativeMethodAccessorImpl.java:62)
	at sun.reflect.DelegatingMethodAccessorImpl.invoke(DelegatingMethodAccessorImpl.java:43)
	at java.lang.reflect.Method.invoke(Method.java:498)
	at org.testng.internal.MethodInvocationHelper.invokeMethod(MethodInvocationHelper.java:104)
	at org.testng.internal.Invoker.invokeMethod(Invoker.java:645)
	at org.testng.internal.Invoker.invokeTestMethod(Invoker.java:851)
	at org.testng.internal.Invoker.invokeTestMethods(Invoker.java:1177)
	at org.testng.internal.TestMethodWorker.invokeTestMethods(TestMethodWorker.java:129)
	at org.testng.internal.TestMethodWorker.run(TestMethodWorker.java:112)
	at org.testng.TestRunner.privateRun(TestRunner.java:756)
	at org.testng.TestRunner.run(TestRunner.java:610)
	at org.testng.SuiteRunner.runTest(SuiteRunner.java:387)
	at org.testng.SuiteRunner.runSequentially(SuiteRunner.java:382)
	at org.testng.SuiteRunner.privateRun(SuiteRunner.java:340)
	at org.testng.SuiteRunner.run(SuiteRunner.java:289)
	at org.testng.SuiteRunnerWorker.runSuite(SuiteRunnerWorker.java:52)
	at org.testng.SuiteRunnerWorker.run(SuiteRunnerWorker.java:86)
	at org.testng.TestNG.runSuitesSequentially(TestNG.java:1293)
	at org.testng.TestNG.runSuitesLocally(TestNG.java:1218)
	at org.testng.TestNG.runSuites(TestNG.java:1133)
	at org.testng.TestNG.run(TestNG.java:1104)
	at org.testng.remote.AbstractRemoteTestNG.run(AbstractRemoteTestNG.java:132)
	at org.testng.remote.RemoteTestNG.initAndRun(RemoteTestNG.java:236)
	at org.testng.remote.RemoteTestNG.main(RemoteTestNG.java:81)
]]>
            </full-stacktrace>
          </exception> <!-- java.lang.AssertionError -->
          <reporter-output>
          </reporter-output>
        </test-method> <!-- radioBtnTest -->
        <test-method status="PASS" signature="tearDown()[pri:0, instance:Test.HomePage@192b07fd]" name="tearDown" is-config="true" duration-ms="4992" started-at="2020-04-27T22:27:20Z" finished-at="2020-04-27T22:27:25Z">
          <reporter-output>
          </reporter-output>
        </test-method> <!-- tearDown -->
      </class> <!-- Test.HomePage -->
    </test> <!-- HomePageTest -->
    <test name="HomePageSanityTest" duration-ms="16206" started-at="2020-04-27T16:57:25Z" finished-at="2020-04-27T16:57:41Z">
      <class name="Test.HomePage">
        <test-method status="PASS" signature="bfrsut()[pri:0, instance:Test.HomePage@192b07fd]" name="bfrsut" is-config="true" duration-ms="24" started-at="2020-04-27T22:26:40Z" finished-at="2020-04-27T22:26:40Z">
          <reporter-output>
          </reporter-output>
        </test-method> <!-- bfrsut -->
      </class> <!-- Test.HomePage -->
      <class name="Test.HomePageSanity">
        <test-method status="PASS" signature="initialize()[pri:0, instance:Test.HomePageSanity@7e0b0338]" name="initialize" is-config="true" duration-ms="9986" started-at="2020-04-27T22:27:25Z" finished-at="2020-04-27T22:27:35Z">
          <reporter-output>
          </reporter-output>
        </test-method> <!-- initialize -->
        <test-method status="FAIL" signature="sanityTest()[pri:0, instance:Test.HomePageSanity@7e0b0338]" name="sanityTest" duration-ms="43" started-at="2020-04-27T22:27:35Z" finished-at="2020-04-27T22:27:35Z">
          <exception class="java.lang.AssertionError">
            <message>
              <![CDATA[expected [2] but found [1]]]>
            </message>
            <full-stacktrace>
              <![CDATA[java.lang.AssertionError: expected [2] but found [1]
	at org.testng.Assert.fail(Assert.java:94)
	at org.testng.Assert.failNotEquals(Assert.java:513)
	at org.testng.Assert.assertEqualsImpl(Assert.java:135)
	at org.testng.Assert.assertEquals(Assert.java:116)
	at org.testng.Assert.assertEquals(Assert.java:389)
	at org.testng.Assert.assertEquals(Assert.java:399)
	at Test.HomePageSanity.sanityTest(HomePageSanity.java:43)
	at sun.reflect.NativeMethodAccessorImpl.invoke0(Native Method)
	at sun.reflect.NativeMethodAccessorImpl.invoke(NativeMethodAccessorImpl.java:62)
	at sun.reflect.DelegatingMethodAccessorImpl.invoke(DelegatingMethodAccessorImpl.java:43)
	at java.lang.reflect.Method.invoke(Method.java:498)
	at org.testng.internal.MethodInvocationHelper.invokeMethod(MethodInvocationHelper.java:104)
	at org.testng.internal.Invoker.invokeMethod(Invoker.java:645)
	at org.testng.internal.Invoker.invokeTestMethod(Invoker.java:851)
	at org.testng.internal.Invoker.invokeTestMethods(Invoker.java:1177)
	at org.testng.internal.TestMethodWorker.invokeTestMethods(TestMethodWorker.java:129)
	at org.testng.internal.TestMethodWorker.run(TestMethodWorker.java:112)
	at org.testng.TestRunner.privateRun(TestRunner.java:756)
	at org.testng.TestRunner.run(TestRunner.java:610)
	at org.testng.SuiteRunner.runTest(SuiteRunner.java:387)
	at org.testng.SuiteRunner.runSequentially(SuiteRunner.java:382)
	at org.testng.SuiteRunner.privateRun(SuiteRunner.java:340)
	at org.testng.SuiteRunner.run(SuiteRunner.java:289)
	at org.testng.SuiteRunnerWorker.runSuite(SuiteRunnerWorker.java:52)
	at org.testng.SuiteRunnerWorker.run(SuiteRunnerWorker.java:86)
	at org.testng.TestNG.runSuitesSequentially(TestNG.java:1293)
	at org.testng.TestNG.runSuitesLocally(TestNG.java:1218)
	at org.testng.TestNG.runSuites(TestNG.java:1133)
	at org.testng.TestNG.run(TestNG.java:1104)
	at org.testng.remote.AbstractRemoteTestNG.run(AbstractRemoteTestNG.java:132)
	at org.testng.remote.RemoteTestNG.initAndRun(RemoteTestNG.java:236)
	at org.testng.remote.RemoteTestNG.main(RemoteTestNG.java:81)
]]>
            </full-stacktrace>
          </exception> <!-- java.lang.AssertionError -->
          <reporter-output>
          </reporter-output>
        </test-method> <!-- sanityTest -->
        <test-method status="PASS" signature="tearDown()[pri:0, instance:Test.HomePageSanity@7e0b0338]" name="tearDown" is-config="true" duration-ms="4119" started-at="2020-04-27T22:27:37Z" finished-at="2020-04-27T22:27:41Z">
          <reporter-output>
          </reporter-output>
        </test-method> <!-- tearDown -->
      </class> <!-- Test.HomePageSanity -->
    </test> <!-- HomePageSanityTest -->
  </suite> <!-- Suite -->
</testng-results>
