<?xml version="1.0" encoding="UTF-8"?>
<testng-results skipped="0" failed="0" ignored="0" total="1" passed="1">
  <reporter-output>
  </reporter-output>
  <suite name="Default suite" duration-ms="27656" started-at="2020-04-29T09:20:26Z" finished-at="2020-04-29T09:20:54Z">
    <groups>
    </groups>
    <test name="Default test" duration-ms="27656" started-at="2020-04-29T09:20:26Z" finished-at="2020-04-29T09:20:54Z">
      <class name="Test.HomePageSanity">
        <test-method status="PASS" signature="initialize()[pri:0, instance:Test.HomePageSanity@5700d6b1]" name="initialize" is-config="true" duration-ms="12172" started-at="2020-04-29T14:50:26Z" finished-at="2020-04-29T14:50:38Z">
          <reporter-output>
          </reporter-output>
        </test-method> <!-- initialize -->
        <test-method status="PASS" signature="sanityTest()[pri:0, instance:Test.HomePageSanity@5700d6b1]" name="sanityTest" duration-ms="15159" started-at="2020-04-29T14:50:38Z" finished-at="2020-04-29T14:50:53Z">
          <reporter-output>
          </reporter-output>
        </test-method> <!-- sanityTest -->
        <test-method status="PASS" signature="tearDown()[pri:0, instance:Test.HomePageSanity@5700d6b1]" name="tearDown" is-config="true" duration-ms="280" started-at="2020-04-29T14:50:53Z" finished-at="2020-04-29T14:50:54Z">
          <reporter-output>
          </reporter-output>
        </test-method> <!-- tearDown -->
      </class> <!-- Test.HomePageSanity -->
    </test> <!-- Default test -->
  </suite> <!-- Default suite -->
</testng-results>
