<?xml version="1.0" encoding="UTF-8"?>
<!-- Generated by org.testng.reporters.JUnitXMLReporter -->
<testsuite hostname="LAPTOP-8HCEVJG2" ignored="0" name="HomePageTest" tests="1" failures="1" timestamp="27 Apr 2020 16:57:25 GMT" time="21.538" errors="0">
  <testcase name="radioBtnTest" time="1.925" classname="Test.HomePage">
    <failure type="java.lang.AssertionError" message="expected [ROUND TRIP11] but found [ROUND TRIP]">
      <![CDATA[java.lang.AssertionError: expected [ROUND TRIP11] but found [ROUND TRIP]
	at Test.HomePage.radioBtnTest(HomePage.java:52)
... Removed 31 stack frames]]>
    </failure>
  </testcase> <!-- radioBtnTest -->
</testsuite> <!-- HomePageTest -->
