<?xml version="1.0" encoding="UTF-8"?>
<!-- Generated by org.testng.reporters.JUnitXMLReporter -->
<testsuite hostname="LAPTOP-8HCEVJG2" ignored="0" name="HomePageSanityTest" tests="1" failures="1" timestamp="27 Apr 2020 16:57:41 GMT" time="16.206" errors="0">
  <testcase name="sanityTest" time="0.043" classname="Test.HomePageSanity">
    <failure type="java.lang.AssertionError" message="expected [2] but found [1]">
      <![CDATA[java.lang.AssertionError: expected [2] but found [1]
	at Test.HomePageSanity.sanityTest(HomePageSanity.java:43)
... Removed 31 stack frames]]>
    </failure>
  </testcase> <!-- sanityTest -->
</testsuite> <!-- HomePageSanityTest -->
