<?xml version="1.0" encoding="UTF-8"?>
<!-- Generated by org.testng.reporters.JUnitXMLReporter -->
<testsuite hostname="LAPTOP-8HCEVJG2" ignored="0" name="Test" tests="4" failures="0" timestamp="18 Apr 2020 21:01:25 GMT" time="38.155" errors="0">
  <testcase name="loginTest" time="3.593" classname="Test.LoginPage"/>
  <testcase name="loginTest" time="3.432" classname="Test.LoginPage"/>
  <testcase name="loginTest" time="3.177" classname="Test.LoginPage"/>
  <testcase name="radioBtnTest" time="1.249" classname="Test.HomePage"/>
</testsuite> <!-- Test -->
